2022-08-21T17:32:43.215+0800	INFO	[GIN-debug] [WARNING] Running in "debug" mode. Switch to "release" mode in production.
 - using env:	export GIN_MODE=release
 - using code:	gin.SetMode(gin.ReleaseMode)


2022-08-21T17:32:43.309+0800	INFO	config/db.go:32	Database connection established
2022-08-21T17:32:43.309+0800	INFO	middlewares/db_trx.go:38	setting up database transaction middleware
2022-08-21T17:32:43.309+0800	INFO	routers/user.go:15	Setting up routers
2022-08-21T17:32:43.309+0800	INFO	[GIN-debug] GET    /api/user                 --> data-engine/routers/controllers.UserController.GetUser-fm (2 handlers)

2022-08-21T17:32:43.310+0800	INFO	[GIN-debug] GET    /api/user/:id             --> data-engine/routers/controllers.UserController.GetOneUser-fm (2 handlers)

2022-08-21T17:32:43.310+0800	INFO	[GIN-debug] POST   /api/user                 --> data-engine/routers/controllers.UserController.SaveUser-fm (2 handlers)

2022-08-21T17:32:43.310+0800	INFO	[GIN-debug] POST   /api/user/:id             --> data-engine/routers/controllers.UserController.UpdateUser-fm (2 handlers)

2022-08-21T17:32:43.310+0800	INFO	[GIN-debug] DELETE /api/user/:id             --> data-engine/routers/controllers.UserController.DeleteUser-fm (2 handlers)

2022-08-21T17:32:43.310+0800	INFO	[GIN-debug] POST   /api/v1/dataset           --> data-engine/routers/controllers.DataSetController.SaveDataSet-fm (2 handlers)

2022-08-21T17:32:43.310+0800	INFO	[GIN-debug] POST   /api/v1/dataset:mid       --> data-engine/routers/controllers.DataSetController.DeleteDataSet-fm (2 handlers)

2022-08-21T17:32:43.310+0800	INFO	[GIN-debug] GET    /swagger/*any             --> github.com/swaggo/gin-swagger.CustomWrapHandler.func1 (2 handlers)

2022-08-21T17:32:43.310+0800	INFO	cmd/serve.go:33	Running server
2022-08-21T17:32:43.310+0800	INFO	[GIN-debug] [WARNING] You trusted all proxies, this is NOT safe. We recommend you to set a value.
Please check https://pkg.go.dev/github.com/gin-gonic/gin#readme-don-t-trust-all-proxies for details.

2022-08-21T17:32:43.310+0800	INFO	[GIN-debug] Listening and serving HTTP on :8080

2022-08-21T17:33:25.676+0800	INFO	[GIN-debug] [WARNING] Running in "debug" mode. Switch to "release" mode in production.
 - using env:	export GIN_MODE=release
 - using code:	gin.SetMode(gin.ReleaseMode)


2022-08-21T17:33:25.754+0800	INFO	config/db.go:32	Database connection established
2022-08-21T17:33:25.755+0800	INFO	middlewares/db_trx.go:38	setting up database transaction middleware
2022-08-21T17:33:25.755+0800	INFO	routers/user.go:15	Setting up routers
2022-08-21T17:33:25.755+0800	INFO	[GIN-debug] GET    /api/user                 --> data-engine/routers/controllers.UserController.GetUser-fm (2 handlers)

2022-08-21T17:33:25.755+0800	INFO	[GIN-debug] GET    /api/user/:id             --> data-engine/routers/controllers.UserController.GetOneUser-fm (2 handlers)

2022-08-21T17:33:25.755+0800	INFO	[GIN-debug] POST   /api/user                 --> data-engine/routers/controllers.UserController.SaveUser-fm (2 handlers)

2022-08-21T17:33:25.755+0800	INFO	[GIN-debug] POST   /api/user/:id             --> data-engine/routers/controllers.UserController.UpdateUser-fm (2 handlers)

2022-08-21T17:33:25.755+0800	INFO	[GIN-debug] DELETE /api/user/:id             --> data-engine/routers/controllers.UserController.DeleteUser-fm (2 handlers)

2022-08-21T17:33:25.755+0800	INFO	[GIN-debug] POST   /api/v1/dataset           --> data-engine/routers/controllers.DataSetController.SaveDataSet-fm (2 handlers)

2022-08-21T17:33:25.755+0800	INFO	[GIN-debug] POST   /api/v1/dataset:mid       --> data-engine/routers/controllers.DataSetController.DeleteDataSet-fm (2 handlers)

2022-08-21T17:33:25.755+0800	INFO	[GIN-debug] GET    /swagger/*any             --> github.com/swaggo/gin-swagger.CustomWrapHandler.func1 (2 handlers)

2022-08-21T17:33:25.755+0800	INFO	cmd/serve.go:33	Running server
2022-08-21T17:33:25.755+0800	INFO	[GIN-debug] [WARNING] You trusted all proxies, this is NOT safe. We recommend you to set a value.
Please check https://pkg.go.dev/github.com/gin-gonic/gin#readme-don-t-trust-all-proxies for details.

2022-08-21T17:33:25.755+0800	INFO	[GIN-debug] Listening and serving HTTP on :8080

2022-08-21T17:33:33.499+0800	INFO	middlewares/db_trx.go:41	beginning database transaction
2022-08-21T17:33:33.524+0800	INFO	middlewares/db_trx.go:58	committing transactions
